<?xml version="1.0" encoding="UTF-8"?>
<!-- Generated by org.testng.reporters.JUnitReportReporter -->
<testsuite hostname="LAPTOP-39NIES78" failures="0" tests="4" name="runners.NoAuthScenarios" time="3.182" errors="0" timestamp="2025-02-09T22:11:49 EST" skipped="0">
  <testcase classname="runners.NoAuthScenarios" name="runScenario" time="0.233"/>
  <testcase classname="runners.NoAuthScenarios" name="runScenario" time="1.924"/>
  <testcase classname="runners.NoAuthScenarios" name="runScenario" time="0.780"/>
  <testcase classname="runners.NoAuthScenarios" name="runScenario" time="0.245"/>
</testsuite> <!-- runners.NoAuthScenarios -->
