<?xml version="1.0" encoding="UTF-8"?>
<!-- Generated by org.testng.reporters.JUnitReportReporter -->
<testsuite hostname="LAPTOP-39NIES78" failures="0" tests="2" name="runners.UserCreationRunner" time="1.297" errors="0" timestamp="2025-02-09T22:11:49 EST" skipped="0">
  <testcase classname="runners.UserCreationRunner" name="runScenario" time="0.390"/>
  <testcase classname="runners.UserCreationRunner" name="runScenario" time="0.907"/>
</testsuite> <!-- runners.UserCreationRunner -->
